SourceSharer Log of Shared Files:


C:\Users\Pradipta\AppData\Roaming\Sublime Text 3\Packages\Anaconda\anaconda.py -- Link: http://www.sourcesharer.hol.es/view/?id=zyVN saved on 10/11/2014 at 12:14

C:\Users\Pradipta\AppData\Roaming\Sublime Text 3\Packages\Anaconda\anaconda_server\jsonserver.py -- Link: http://www.sourcesharer.hol.es/view/?id=CGjX saved on 10/11/2014 at 12:16

C:\Users\Pradipta\AppData\Roaming\Sublime Text 3\Packages\test.jar -- Link: http://www.sourcesharer.hol.es/view/?id=4psV saved on 10/11/2014 at 12:34

C:\Users\Pradipta\AppData\Roaming\Sublime Text 3\Packages\test.jar -- Link: http://www.sourcesharer.hol.es/view/?id=Rm0h saved on 10/11/2014 at 12:34

C:\Users\Pradipta\AppData\Roaming\Sublime Text 3\Packages\test.jar -- Link: http://www.sourcesharer.hol.es/view/?id=MyTr saved on 10/11/2014 at 12:34

C:\Users\Pradipta\AppData\Roaming\Sublime Text 3\Packages\test.jar -- Link: http://www.sourcesharer.hol.es/view/?id=eIQu saved on 10/11/2014 at 12:35

C:\Users\Pradipta\AppData\Roaming\Sublime Text 3\Packages\test.jar -- Link: http://www.sourcesharer.hol.es/view/?id=xiOg saved on 10/11/2014 at 12:36

C:\Users\Pradipta\AppData\Roaming\Sublime Text 3\Packages\test.jar -- Link: http://www.sourcesharer.hol.es/view/?id=f353 saved on 10/11/2014 at 12:39

C:\Users\Pradipta\AppData\Roaming\Sublime Text 3\Packages\Minfier\Minfier.py -- Link: http://www.sourcesharer.hol.es/view/?id=A48B saved on 10/11/2014 at 12:51

C:\Users\Pradipta\AppData\Roaming\Sublime Text 3\Packages\SourceSharer\sharer.py -- Link: http://www.sourcesharer.hol.es/view/?id=RWWw saved on 10/11/2014 at 12:52

C:\Users\Pradipta\AppData\Roaming\Sublime Text 3\Packages\SourceSharer\sharer.py -- Link: http://www.sourcesharer.hol.es/view/?id=KEqv saved on 10/11/2014 at 12:52

C:\Users\Pradipta\AppData\Roaming\Sublime Text 3\Packages\SourceSharer\sharer.py -- Link: http://www.sourcesharer.hol.es/view/?id=cXa3 saved on 10/11/2014 at 12:52

C:\Users\Pradipta\AppData\Roaming\Sublime Text 3\Packages\SourceSharer\sharer.py -- Link: http://www.sourcesharer.hol.es/view/?id=2mCR saved on 10/11/2014 at 12:52

C:\Users\Pradipta\AppData\Roaming\Sublime Text 3\Packages\SourceSharer\sharer.py -- Link: http://www.sourcesharer.hol.es/view/?id=w89H saved on 10/11/2014 at 12:52

C:\Users\Pradipta\AppData\Roaming\Sublime Text 3\Packages\test.jar -- Link: http://www.sourcesharer.hol.es/view/?id=jIst saved on 10/11/2014 at 13:09

C:\Users\Pradipta\AppData\Roaming\Sublime Text 3\Packages\test.jar -- Link: http://www.sourcesharer.hol.es/view/?id=VC4w saved on 10/11/2014 at 13:09

C:\Users\Pradipta\AppData\Roaming\Sublime Text 3\Packages\test.jar -- Link: http://www.sourcesharer.hol.es/view/?id=afMx saved on 10/11/2014 at 13:09

C:\Users\Pradipta\AppData\Roaming\Sublime Text 3\Packages\test.jar -- Link: http://www.sourcesharer.hol.es/view/?id=c9Js saved on 10/11/2014 at 13:09

C:\Users\Pradipta\AppData\Roaming\Sublime Text 3\Packages\test.jar -- Link: http://www.sourcesharer.hol.es/view/?id=hSGE saved on 10/11/2014 at 13:09

C:\Users\Pradipta\AppData\Roaming\Sublime Text 3\Packages\test.jar -- Link: http://www.sourcesharer.hol.es/view/?id=xRAn saved on 10/11/2014 at 13:09

C:\Users\Pradipta\AppData\Roaming\Sublime Text 3\Packages\SourceSharer\sharer.py -- Link: http://www.sourcesharer.hol.es/view/?id=lWSK saved on 11/11/2014 at 19:16

C:\Users\Pradipta\AppData\Roaming\Sublime Text 3\Packages\SourceSharer\sharer.py -- Link: http://www.sourcesharer.hol.es/view/?id=3bOH saved on 11/11/2014 at 19:17
